D:\DESKTOP\ROGUE変更用\ROUGELIKE\DEBUG\DX9GAME.EXE
D:\DESKTOP\ROGUE変更用\ROUGELIKE\DEBUG\DX9GAME.ILK
D:\DESKTOP\ROGUE変更用\ROUGELIKE\DEBUG\DX9GAME.PDB
D:\DESKTOP\ROGUE変更用\ROUGELIKE\DX9GAME\DEBUG\2DWINDOW.OBJ
D:\DESKTOP\ROGUE変更用\ROUGELIKE\DX9GAME\DEBUG\BATTLE.OBJ
D:\DESKTOP\ROGUE変更用\ROUGELIKE\DX9GAME\DEBUG\C2DTEXTURE.OBJ
D:\DESKTOP\ROGUE変更用\ROUGELIKE\DX9GAME\DEBUG\C3DOBJ.OBJ
D:\DESKTOP\ROGUE変更用\ROUGELIKE\DX9GAME\DEBUG\CAMERA.OBJ
D:\DESKTOP\ROGUE変更用\ROUGELIKE\DX9GAME\DEBUG\CIRCLE.OBJ
D:\DeskTop\Rogue変更用\RougeLike\DX9Game\Debug\cl.command.1.tlog
D:\DeskTop\Rogue変更用\RougeLike\DX9Game\Debug\CL.read.1.tlog
D:\DeskTop\Rogue変更用\RougeLike\DX9Game\Debug\CL.write.1.tlog
D:\DESKTOP\ROGUE変更用\ROUGELIKE\DX9GAME\DEBUG\DELETEOBJ.OBJ
D:\DESKTOP\ROGUE変更用\ROUGELIKE\DX9GAME\DEBUG\DX9GAME.EXE.EMBED.MANIFEST
D:\DESKTOP\ROGUE変更用\ROUGELIKE\DX9GAME\DEBUG\DX9GAME.EXE.EMBED.MANIFEST.RES
D:\DESKTOP\ROGUE変更用\ROUGELIKE\DX9GAME\DEBUG\DX9GAME.EXE.INTERMEDIATE.MANIFEST
D:\DeskTop\Rogue変更用\RougeLike\DX9Game\Debug\DX9Game_manifest.rc
D:\DESKTOP\ROGUE変更用\ROUGELIKE\DX9GAME\DEBUG\EDITTEXTURE.OBJ
D:\DESKTOP\ROGUE変更用\ROUGELIKE\DX9GAME\DEBUG\EFFECTOBJ.OBJ
D:\DESKTOP\ROGUE変更用\ROUGELIKE\DX9GAME\DEBUG\ENEMY.OBJ
D:\DESKTOP\ROGUE変更用\ROUGELIKE\DX9GAME\DEBUG\ENEMYGENERATOR.OBJ
D:\DESKTOP\ROGUE変更用\ROUGELIKE\DX9GAME\DEBUG\EQUIPMENTCOMMANDCURSOR.OBJ
D:\DESKTOP\ROGUE変更用\ROUGELIKE\DX9GAME\DEBUG\EQUIPMENTCOMMANDWINDOW.OBJ
D:\DESKTOP\ROGUE変更用\ROUGELIKE\DX9GAME\DEBUG\EQUIPMENTWINDOW.OBJ
D:\DESKTOP\ROGUE変更用\ROUGELIKE\DX9GAME\DEBUG\EQUIPMENTWINDOWCURSOR.OBJ
D:\DESKTOP\ROGUE変更用\ROUGELIKE\DX9GAME\DEBUG\FADE.OBJ
D:\DESKTOP\ROGUE変更用\ROUGELIKE\DX9GAME\DEBUG\FIELDITEM.OBJ
D:\DESKTOP\ROGUE変更用\ROUGELIKE\DX9GAME\DEBUG\FIELDOBJ.OBJ
D:\DESKTOP\ROGUE変更用\ROUGELIKE\DX9GAME\DEBUG\FIELDOBJMAKER.OBJ
D:\DESKTOP\ROGUE変更用\ROUGELIKE\DX9GAME\DEBUG\GAMECLEAR.OBJ
D:\DESKTOP\ROGUE変更用\ROUGELIKE\DX9GAME\DEBUG\GAMECLEARSCENE.OBJ
D:\DESKTOP\ROGUE変更用\ROUGELIKE\DX9GAME\DEBUG\GAMESCENE.OBJ
D:\DESKTOP\ROGUE変更用\ROUGELIKE\DX9GAME\DEBUG\GAMESTATE.OBJ
D:\DESKTOP\ROGUE変更用\ROUGELIKE\DX9GAME\DEBUG\GAMEWND.OBJ
D:\DESKTOP\ROGUE変更用\ROUGELIKE\DX9GAME\DEBUG\GRAPHICS.OBJ
D:\DESKTOP\ROGUE変更用\ROUGELIKE\DX9GAME\DEBUG\HIERARCHIENUM.OBJ
D:\DESKTOP\ROGUE変更用\ROUGELIKE\DX9GAME\DEBUG\HITOBJ.OBJ
D:\DESKTOP\ROGUE変更用\ROUGELIKE\DX9GAME\DEBUG\HPDRAW.OBJ
D:\DESKTOP\ROGUE変更用\ROUGELIKE\DX9GAME\DEBUG\INPUT.OBJ
D:\DESKTOP\ROGUE変更用\ROUGELIKE\DX9GAME\DEBUG\ITEM.OBJ
D:\DESKTOP\ROGUE変更用\ROUGELIKE\DX9GAME\DEBUG\ITEMCOMMANDCURSOR.OBJ
D:\DESKTOP\ROGUE変更用\ROUGELIKE\DX9GAME\DEBUG\ITEMCOMMANDWINDOW.OBJ
D:\DESKTOP\ROGUE変更用\ROUGELIKE\DX9GAME\DEBUG\ITEMDESCRIPTIONFRAME.OBJ
D:\DESKTOP\ROGUE変更用\ROUGELIKE\DX9GAME\DEBUG\ITEMGENERATOR.OBJ
D:\DESKTOP\ROGUE変更用\ROUGELIKE\DX9GAME\DEBUG\ITEMMANAGER.OBJ
D:\DESKTOP\ROGUE変更用\ROUGELIKE\DX9GAME\DEBUG\ITEMWINDOW.OBJ
D:\DESKTOP\ROGUE変更用\ROUGELIKE\DX9GAME\DEBUG\ITEMWINDOWCURSOR.OBJ
D:\DESKTOP\ROGUE変更用\ROUGELIKE\DX9GAME\DEBUG\LEVELUP.OBJ
D:\DeskTop\Rogue変更用\RougeLike\DX9Game\Debug\link.12804.read.1.tlog
D:\DeskTop\Rogue変更用\RougeLike\DX9Game\Debug\link.12804.write.1.tlog
D:\DeskTop\Rogue変更用\RougeLike\DX9Game\Debug\link.12804-cvtres.read.1.tlog
D:\DeskTop\Rogue変更用\RougeLike\DX9Game\Debug\link.12804-cvtres.write.1.tlog
D:\DeskTop\Rogue変更用\RougeLike\DX9Game\Debug\link.13388.read.1.tlog
D:\DeskTop\Rogue変更用\RougeLike\DX9Game\Debug\link.13388.write.1.tlog
D:\DeskTop\Rogue変更用\RougeLike\DX9Game\Debug\link.13388-cvtres.read.1.tlog
D:\DeskTop\Rogue変更用\RougeLike\DX9Game\Debug\link.13388-cvtres.write.1.tlog
D:\DeskTop\Rogue変更用\RougeLike\DX9Game\Debug\link.14244.read.1.tlog
D:\DeskTop\Rogue変更用\RougeLike\DX9Game\Debug\link.14244.write.1.tlog
D:\DeskTop\Rogue変更用\RougeLike\DX9Game\Debug\link.14244-cvtres.read.1.tlog
D:\DeskTop\Rogue変更用\RougeLike\DX9Game\Debug\link.14244-cvtres.write.1.tlog
D:\DeskTop\Rogue変更用\RougeLike\DX9Game\Debug\link.16628.read.1.tlog
D:\DeskTop\Rogue変更用\RougeLike\DX9Game\Debug\link.16628.write.1.tlog
D:\DeskTop\Rogue変更用\RougeLike\DX9Game\Debug\link.16628-cvtres.read.1.tlog
D:\DeskTop\Rogue変更用\RougeLike\DX9Game\Debug\link.16628-cvtres.write.1.tlog
D:\DeskTop\Rogue変更用\RougeLike\DX9Game\Debug\link.3068.read.1.tlog
D:\DeskTop\Rogue変更用\RougeLike\DX9Game\Debug\link.3068.write.1.tlog
D:\DeskTop\Rogue変更用\RougeLike\DX9Game\Debug\link.3068-cvtres.read.1.tlog
D:\DeskTop\Rogue変更用\RougeLike\DX9Game\Debug\link.3068-cvtres.write.1.tlog
D:\DeskTop\Rogue変更用\RougeLike\DX9Game\Debug\link.6344.read.1.tlog
D:\DeskTop\Rogue変更用\RougeLike\DX9Game\Debug\link.6344.write.1.tlog
D:\DeskTop\Rogue変更用\RougeLike\DX9Game\Debug\link.6344-cvtres.read.1.tlog
D:\DeskTop\Rogue変更用\RougeLike\DX9Game\Debug\link.6344-cvtres.write.1.tlog
D:\DeskTop\Rogue変更用\RougeLike\DX9Game\Debug\link.command.1.tlog
D:\DeskTop\Rogue変更用\RougeLike\DX9Game\Debug\link.read.1.tlog
D:\DeskTop\Rogue変更用\RougeLike\DX9Game\Debug\link.write.1.tlog
D:\DeskTop\Rogue変更用\RougeLike\DX9Game\Debug\link-cvtres.read.1.tlog
D:\DeskTop\Rogue変更用\RougeLike\DX9Game\Debug\link-cvtres.write.1.tlog
D:\DESKTOP\ROGUE変更用\ROUGELIKE\DX9GAME\DEBUG\MAIN.OBJ
D:\DESKTOP\ROGUE変更用\ROUGELIKE\DX9GAME\DEBUG\MAPDATA.OBJ
D:\DESKTOP\ROGUE変更用\ROUGELIKE\DX9GAME\DEBUG\MAPOBJMANAGER.OBJ
D:\DESKTOP\ROGUE変更用\ROUGELIKE\DX9GAME\DEBUG\MENUSELECT.OBJ
D:\DESKTOP\ROGUE変更用\ROUGELIKE\DX9GAME\DEBUG\MENUWINDOW.OBJ
D:\DESKTOP\ROGUE変更用\ROUGELIKE\DX9GAME\DEBUG\MENUWINDOW_BACK.OBJ
D:\DESKTOP\ROGUE変更用\ROUGELIKE\DX9GAME\DEBUG\MESH.OBJ
D:\DESKTOP\ROGUE変更用\ROUGELIKE\DX9GAME\DEBUG\MESHOBJ.OBJ
D:\DESKTOP\ROGUE変更用\ROUGELIKE\DX9GAME\DEBUG\MESSAGEWINDOW.OBJ
D:\DESKTOP\ROGUE変更用\ROUGELIKE\DX9GAME\DEBUG\MINIMAP.OBJ
D:\DESKTOP\ROGUE変更用\ROUGELIKE\DX9GAME\DEBUG\MODELMANAGER.OBJ
D:\DeskTop\Rogue変更用\RougeLike\DX9Game\Debug\mt.command.1.tlog
D:\DeskTop\Rogue変更用\RougeLike\DX9Game\Debug\mt.read.1.tlog
D:\DeskTop\Rogue変更用\RougeLike\DX9Game\Debug\mt.write.1.tlog
D:\DESKTOP\ROGUE変更用\ROUGELIKE\DX9GAME\DEBUG\OPERATION.OBJ
D:\DESKTOP\ROGUE変更用\ROUGELIKE\DX9GAME\DEBUG\PARTICLE.OBJ
D:\DESKTOP\ROGUE変更用\ROUGELIKE\DX9GAME\DEBUG\PLAYER.OBJ
D:\DESKTOP\ROGUE変更用\ROUGELIKE\DX9GAME\DEBUG\PRESSSPACE.OBJ
D:\DeskTop\Rogue変更用\RougeLike\DX9Game\Debug\rc.command.1.tlog
D:\DeskTop\Rogue変更用\RougeLike\DX9Game\Debug\rc.read.1.tlog
D:\DeskTop\Rogue変更用\RougeLike\DX9Game\Debug\rc.write.1.tlog
D:\DESKTOP\ROGUE変更用\ROUGELIKE\DX9GAME\DEBUG\RESULT.OBJ
D:\DESKTOP\ROGUE変更用\ROUGELIKE\DX9GAME\DEBUG\RESULTSCENE.OBJ
D:\DESKTOP\ROGUE変更用\ROUGELIKE\DX9GAME\DEBUG\SKY.OBJ
D:\DESKTOP\ROGUE変更用\ROUGELIKE\DX9GAME\DEBUG\STATESCHARACTER.OBJ
D:\DESKTOP\ROGUE変更用\ROUGELIKE\DX9GAME\DEBUG\STATESFONT.OBJ
D:\DESKTOP\ROGUE変更用\ROUGELIKE\DX9GAME\DEBUG\STATESVALUE.OBJ
D:\DESKTOP\ROGUE変更用\ROUGELIKE\DX9GAME\DEBUG\STATESWINDOW.OBJ
D:\DESKTOP\ROGUE変更用\ROUGELIKE\DX9GAME\DEBUG\TEXTUREMANAGER.OBJ
D:\DESKTOP\ROGUE変更用\ROUGELIKE\DX9GAME\DEBUG\TITLE.OBJ
D:\DESKTOP\ROGUE変更用\ROUGELIKE\DX9GAME\DEBUG\TITLESCENE.OBJ
D:\DESKTOP\ROGUE変更用\ROUGELIKE\DX9GAME\DEBUG\TRICK.OBJ
D:\DESKTOP\ROGUE変更用\ROUGELIKE\DX9GAME\DEBUG\TRICKWINDOW.OBJ
D:\DESKTOP\ROGUE変更用\ROUGELIKE\DX9GAME\DEBUG\TRICKWINDOWCURSOR.OBJ
D:\DESKTOP\ROGUE変更用\ROUGELIKE\DX9GAME\DEBUG\TURN.OBJ
D:\DESKTOP\ROGUE変更用\ROUGELIKE\DX9GAME\DEBUG\UNIT.OBJ
D:\DESKTOP\ROGUE変更用\ROUGELIKE\DX9GAME\DEBUG\UNITMANAGER.OBJ
D:\DeskTop\Rogue変更用\RougeLike\DX9Game\Debug\vc100.idb
D:\DESKTOP\ROGUE変更用\ROUGELIKE\DX9GAME\DEBUG\VC100.PDB
D:\DESKTOP\ROGUE変更用\ROUGELIKE\DX9GAME\DEBUG\WINDOW.OBJ
D:\DESKTOP\ROGUE変更用\ROUGELIKE\DX9GAME\DEBUG\WINMAIN.OBJ
