D:\DESKTOP\ROGUE変更用\ROUGELIKE\DX9GAME\RELEASE\2DWINDOW.OBJ
D:\DESKTOP\ROGUE変更用\ROUGELIKE\DX9GAME\RELEASE\BATTLE.OBJ
D:\DESKTOP\ROGUE変更用\ROUGELIKE\DX9GAME\RELEASE\C2DTEXTURE.OBJ
D:\DESKTOP\ROGUE変更用\ROUGELIKE\DX9GAME\RELEASE\C3DOBJ.OBJ
D:\DESKTOP\ROGUE変更用\ROUGELIKE\DX9GAME\RELEASE\CAMERA.OBJ
D:\DESKTOP\ROGUE変更用\ROUGELIKE\DX9GAME\RELEASE\CIRCLE.OBJ
D:\DeskTop\Rogue変更用\RougeLike\DX9Game\Release\cl.command.1.tlog
D:\DeskTop\Rogue変更用\RougeLike\DX9Game\Release\CL.read.1.tlog
D:\DeskTop\Rogue変更用\RougeLike\DX9Game\Release\CL.write.1.tlog
D:\DESKTOP\ROGUE変更用\ROUGELIKE\DX9GAME\RELEASE\DELETEOBJ.OBJ
D:\DESKTOP\ROGUE変更用\ROUGELIKE\DX9GAME\RELEASE\DX9GAME.EXE.INTERMEDIATE.MANIFEST
D:\DESKTOP\ROGUE変更用\ROUGELIKE\DX9GAME\RELEASE\EDITTEXTURE.OBJ
D:\DESKTOP\ROGUE変更用\ROUGELIKE\DX9GAME\RELEASE\EFFECTOBJ.OBJ
D:\DESKTOP\ROGUE変更用\ROUGELIKE\DX9GAME\RELEASE\ENEMY.OBJ
D:\DESKTOP\ROGUE変更用\ROUGELIKE\DX9GAME\RELEASE\ENEMYGENERATOR.OBJ
D:\DESKTOP\ROGUE変更用\ROUGELIKE\DX9GAME\RELEASE\EQUIPMENTCOMMANDCURSOR.OBJ
D:\DESKTOP\ROGUE変更用\ROUGELIKE\DX9GAME\RELEASE\EQUIPMENTCOMMANDWINDOW.OBJ
D:\DESKTOP\ROGUE変更用\ROUGELIKE\DX9GAME\RELEASE\EQUIPMENTWINDOW.OBJ
D:\DESKTOP\ROGUE変更用\ROUGELIKE\DX9GAME\RELEASE\EQUIPMENTWINDOWCURSOR.OBJ
D:\DESKTOP\ROGUE変更用\ROUGELIKE\DX9GAME\RELEASE\FADE.OBJ
D:\DESKTOP\ROGUE変更用\ROUGELIKE\DX9GAME\RELEASE\FIELDITEM.OBJ
D:\DESKTOP\ROGUE変更用\ROUGELIKE\DX9GAME\RELEASE\FIELDOBJ.OBJ
D:\DESKTOP\ROGUE変更用\ROUGELIKE\DX9GAME\RELEASE\FIELDOBJMAKER.OBJ
D:\DESKTOP\ROGUE変更用\ROUGELIKE\DX9GAME\RELEASE\GAMECLEAR.OBJ
D:\DESKTOP\ROGUE変更用\ROUGELIKE\DX9GAME\RELEASE\GAMECLEARSCENE.OBJ
D:\DESKTOP\ROGUE変更用\ROUGELIKE\DX9GAME\RELEASE\GAMESCENE.OBJ
D:\DESKTOP\ROGUE変更用\ROUGELIKE\DX9GAME\RELEASE\GAMESTATE.OBJ
D:\DESKTOP\ROGUE変更用\ROUGELIKE\DX9GAME\RELEASE\GAMEWND.OBJ
D:\DESKTOP\ROGUE変更用\ROUGELIKE\DX9GAME\RELEASE\GRAPHICS.OBJ
D:\DESKTOP\ROGUE変更用\ROUGELIKE\DX9GAME\RELEASE\HIERARCHIENUM.OBJ
D:\DESKTOP\ROGUE変更用\ROUGELIKE\DX9GAME\RELEASE\HITOBJ.OBJ
D:\DESKTOP\ROGUE変更用\ROUGELIKE\DX9GAME\RELEASE\HPDRAW.OBJ
D:\DESKTOP\ROGUE変更用\ROUGELIKE\DX9GAME\RELEASE\INPUT.OBJ
D:\DESKTOP\ROGUE変更用\ROUGELIKE\DX9GAME\RELEASE\ITEM.OBJ
D:\DESKTOP\ROGUE変更用\ROUGELIKE\DX9GAME\RELEASE\ITEMCOMMANDCURSOR.OBJ
D:\DESKTOP\ROGUE変更用\ROUGELIKE\DX9GAME\RELEASE\ITEMCOMMANDWINDOW.OBJ
D:\DESKTOP\ROGUE変更用\ROUGELIKE\DX9GAME\RELEASE\ITEMDESCRIPTIONFRAME.OBJ
D:\DESKTOP\ROGUE変更用\ROUGELIKE\DX9GAME\RELEASE\ITEMGENERATOR.OBJ
D:\DESKTOP\ROGUE変更用\ROUGELIKE\DX9GAME\RELEASE\ITEMMANAGER.OBJ
D:\DESKTOP\ROGUE変更用\ROUGELIKE\DX9GAME\RELEASE\ITEMWINDOW.OBJ
D:\DESKTOP\ROGUE変更用\ROUGELIKE\DX9GAME\RELEASE\ITEMWINDOWCURSOR.OBJ
D:\DESKTOP\ROGUE変更用\ROUGELIKE\DX9GAME\RELEASE\LEVELUP.OBJ
D:\DeskTop\Rogue変更用\RougeLike\DX9Game\Release\link.command.1.tlog
D:\DeskTop\Rogue変更用\RougeLike\DX9Game\Release\link.read.1.tlog
D:\DeskTop\Rogue変更用\RougeLike\DX9Game\Release\link.write.1.tlog
D:\DESKTOP\ROGUE変更用\ROUGELIKE\DX9GAME\RELEASE\MAIN.OBJ
D:\DESKTOP\ROGUE変更用\ROUGELIKE\DX9GAME\RELEASE\MAPDATA.OBJ
D:\DESKTOP\ROGUE変更用\ROUGELIKE\DX9GAME\RELEASE\MAPOBJMANAGER.OBJ
D:\DESKTOP\ROGUE変更用\ROUGELIKE\DX9GAME\RELEASE\MENUSELECT.OBJ
D:\DESKTOP\ROGUE変更用\ROUGELIKE\DX9GAME\RELEASE\MENUWINDOW.OBJ
D:\DESKTOP\ROGUE変更用\ROUGELIKE\DX9GAME\RELEASE\MENUWINDOW_BACK.OBJ
D:\DESKTOP\ROGUE変更用\ROUGELIKE\DX9GAME\RELEASE\MESH.OBJ
D:\DESKTOP\ROGUE変更用\ROUGELIKE\DX9GAME\RELEASE\MESHOBJ.OBJ
D:\DESKTOP\ROGUE変更用\ROUGELIKE\DX9GAME\RELEASE\MESSAGEWINDOW.OBJ
D:\DESKTOP\ROGUE変更用\ROUGELIKE\DX9GAME\RELEASE\MINIMAP.OBJ
D:\DESKTOP\ROGUE変更用\ROUGELIKE\DX9GAME\RELEASE\MODELMANAGER.OBJ
D:\DeskTop\Rogue変更用\RougeLike\DX9Game\Release\mt.command.1.tlog
D:\DeskTop\Rogue変更用\RougeLike\DX9Game\Release\mt.read.1.tlog
D:\DeskTop\Rogue変更用\RougeLike\DX9Game\Release\mt.write.1.tlog
D:\DESKTOP\ROGUE変更用\ROUGELIKE\DX9GAME\RELEASE\OPERATION.OBJ
D:\DESKTOP\ROGUE変更用\ROUGELIKE\DX9GAME\RELEASE\PARTICLE.OBJ
D:\DESKTOP\ROGUE変更用\ROUGELIKE\DX9GAME\RELEASE\PLAYER.OBJ
D:\DESKTOP\ROGUE変更用\ROUGELIKE\DX9GAME\RELEASE\PRESSSPACE.OBJ
D:\DESKTOP\ROGUE変更用\ROUGELIKE\DX9GAME\RELEASE\RESULT.OBJ
D:\DESKTOP\ROGUE変更用\ROUGELIKE\DX9GAME\RELEASE\RESULTSCENE.OBJ
D:\DESKTOP\ROGUE変更用\ROUGELIKE\DX9GAME\RELEASE\SKY.OBJ
D:\DESKTOP\ROGUE変更用\ROUGELIKE\DX9GAME\RELEASE\STATESCHARACTER.OBJ
D:\DESKTOP\ROGUE変更用\ROUGELIKE\DX9GAME\RELEASE\STATESFONT.OBJ
D:\DESKTOP\ROGUE変更用\ROUGELIKE\DX9GAME\RELEASE\STATESVALUE.OBJ
D:\DESKTOP\ROGUE変更用\ROUGELIKE\DX9GAME\RELEASE\STATESWINDOW.OBJ
D:\DESKTOP\ROGUE変更用\ROUGELIKE\DX9GAME\RELEASE\TEXTUREMANAGER.OBJ
D:\DESKTOP\ROGUE変更用\ROUGELIKE\DX9GAME\RELEASE\TITLE.OBJ
D:\DESKTOP\ROGUE変更用\ROUGELIKE\DX9GAME\RELEASE\TITLESCENE.OBJ
D:\DESKTOP\ROGUE変更用\ROUGELIKE\DX9GAME\RELEASE\TRICK.OBJ
D:\DESKTOP\ROGUE変更用\ROUGELIKE\DX9GAME\RELEASE\TRICKWINDOW.OBJ
D:\DESKTOP\ROGUE変更用\ROUGELIKE\DX9GAME\RELEASE\TRICKWINDOWCURSOR.OBJ
D:\DESKTOP\ROGUE変更用\ROUGELIKE\DX9GAME\RELEASE\TURN.OBJ
D:\DESKTOP\ROGUE変更用\ROUGELIKE\DX9GAME\RELEASE\UNIT.OBJ
D:\DESKTOP\ROGUE変更用\ROUGELIKE\DX9GAME\RELEASE\UNITMANAGER.OBJ
D:\DESKTOP\ROGUE変更用\ROUGELIKE\DX9GAME\RELEASE\VC100.PDB
D:\DESKTOP\ROGUE変更用\ROUGELIKE\DX9GAME\RELEASE\WINDOW.OBJ
D:\DESKTOP\ROGUE変更用\ROUGELIKE\DX9GAME\RELEASE\WINMAIN.OBJ
D:\DESKTOP\ROGUE変更用\ROUGELIKE\RELEASE\DX9GAME.EXE
D:\DESKTOP\ROGUE変更用\ROUGELIKE\RELEASE\DX9GAME.PDB
